{"/home/jkruse/workspace/flosports-test/karma.conf.js":{"path":"/home/jkruse/workspace/flosports-test/karma.conf.js","s":{"1":1,"2":1,"3":1,"4":1,"5":1,"6":1,"7":1},"b":{},"f":{"1":1},"fnMap":{"1":{"name":"(anonymous_1)","line":8,"loc":{"start":{"line":8,"column":17},"end":{"line":8,"column":34}}}},"statementMap":{"1":{"start":{"line":2,"column":0},"end":{"line":2,"column":27}},"2":{"start":{"line":3,"column":0},"end":{"line":3,"column":48}},"3":{"start":{"line":4,"column":0},"end":{"line":4,"column":60}},"4":{"start":{"line":5,"column":0},"end":{"line":5,"column":54}},"5":{"start":{"line":6,"column":0},"end":{"line":6,"column":67}},"6":{"start":{"line":8,"column":0},"end":{"line":104,"column":1}},"7":{"start":{"line":9,"column":2},"end":{"line":103,"column":4}}},"branchMap":{}},"/home/jkruse/workspace/flosports-test/webpack.config.js":{"path":"/home/jkruse/workspace/flosports-test/webpack.config.js","s":{"1":1,"2":1,"3":1,"4":1,"5":80,"6":80,"7":80,"8":80,"9":48,"10":32,"11":32,"12":0,"13":1},"b":{"1":[48,32],"2":[32,0]},"f":{"1":80},"fnMap":{"1":{"name":"(anonymous_1)","line":11,"loc":{"start":{"line":11,"column":19},"end":{"line":11,"column":45}}}},"statementMap":{"1":{"start":{"line":1,"column":0},"end":{"line":1,"column":29}},"2":{"start":{"line":3,"column":0},"end":{"line":3,"column":57}},"3":{"start":{"line":4,"column":0},"end":{"line":4,"column":63}},"4":{"start":{"line":6,"column":0},"end":{"line":23,"column":3}},"5":{"start":{"line":12,"column":4},"end":{"line":12,"column":56}},"6":{"start":{"line":13,"column":4},"end":{"line":13,"column":49}},"7":{"start":{"line":14,"column":4},"end":{"line":14,"column":49}},"8":{"start":{"line":15,"column":4},"end":{"line":21,"column":5}},"9":{"start":{"line":16,"column":6},"end":{"line":16,"column":15}},"10":{"start":{"line":17,"column":11},"end":{"line":21,"column":5}},"11":{"start":{"line":18,"column":6},"end":{"line":18,"column":16}},"12":{"start":{"line":20,"column":6},"end":{"line":20,"column":15}},"13":{"start":{"line":25,"column":0},"end":{"line":48,"column":1}}},"branchMap":{"1":{"line":15,"type":"if","locations":[{"start":{"line":15,"column":4},"end":{"line":15,"column":4}},{"start":{"line":15,"column":4},"end":{"line":15,"column":4}}]},"2":{"line":17,"type":"if","locations":[{"start":{"line":17,"column":11},"end":{"line":17,"column":11}},{"start":{"line":17,"column":11},"end":{"line":17,"column":11}}]}}}}