TN:
SF:/home/jkruse/workspace/flosports-test/karma.conf.js
FN:8,(anonymous_1)
FNF:1
FNH:1
FNDA:1,(anonymous_1)
DA:2,1
DA:3,1
DA:4,1
DA:5,1
DA:6,1
DA:8,1
DA:9,1
LF:7
LH:7
BRF:0
BRH:0
end_of_record
TN:
SF:/home/jkruse/workspace/flosports-test/webpack.config.js
FN:11,(anonymous_1)
FNF:1
FNH:1
FNDA:80,(anonymous_1)
DA:1,1
DA:3,1
DA:4,1
DA:6,1
DA:12,80
DA:13,80
DA:14,80
DA:15,80
DA:16,48
DA:17,32
DA:18,32
DA:20,0
DA:25,1
LF:13
LH:12
BRDA:15,1,0,48
BRDA:15,1,1,32
BRDA:17,2,0,32
BRDA:17,2,1,0
BRF:4
BRH:3
end_of_record
